<?xml version="1.0"?>
<doc>
    <assembly>
        <name>test-xml-004</name>
    </assembly>
    <members>
        <member name="T:Testing.StructTest">
            <summary> 
            comment for struct
            </summary>
        </member>
        <!-- Badly formed XML comment ignored for member "T:Testing.StructTest2" -->
        <member name="T:Testing.StructTest3">
            		<summary>
            		Java style commet
            		</summary>
        </member>
    </members>
</doc>
