<?xml version="1.0"?>
<doc>
    <assembly>
        <name>test-xml-030</name>
    </assembly>
    <members>
        <member name="M:Test.foo2">
            <summary>
            some summary
            </summary>
            <value>
            <see cref="T:Test[]"/>
            <see cref="T:System.Text.RegularExpressions.Regex"/>
            <see cref="T:System.Text.RegularExpressions.Regex"/>
            <see cref="N:System.Text.RegularExpressions"/>
            <see cref="T:System.Text.RegularExpressions.Regex[]"/>
            </value>
        </member>
        <member name="M:Test.foo3(System.String,System.Object[])">
            <summary>
            <see cref="M:System.String.Format(System.String,System.Object[])"/>.
            <see cref="M:System.String.Format(System.String,System.Object[])"/>.
            <see cref="M:System.String.Format(System.String,System.Object[])"/>.
            <see cref="M:System.String.Format(System.String,System.Object[])"/>.
            </summary>
            <param name="line">The formatting string.</param>
            <param name="args">The object array to write into format string.</param>
        </member>
    </members>
</doc>
