<?xml version="1.0"?>
<doc>
    <assembly>
        <name>test-xml-022</name>
    </assembly>
    <members>
        <!-- Badly formed XML comment ignored for member "T:Testing.Test2" -->
        <member name="M:Testing.Test2.Foo">
            			another documentation style (Java-mimic)
        </member>
        <member name="T:Testing.StructTest">
            testing indentation <summary> test test ;-)
            comment for struct
            </summary>
        </member>
        <member name="T:Testing.InterfaceTest">
            <summary>
            comment for interface
            </summary>
        </member>
        <member name="T:Testing.EnumTest">
            <summary>
            comment for enum type
            </summary>
        </member>
        <member name="F:Testing.EnumTest.Foo">
            <summary>
            comment for enum field
            </summary>
        </member>
        <member name="T:Testing.Dummy">
            <summary>
            comment for dummy type
            </summary>
        </member>
        <member name="T:Testing.MyDelegate">
            <summary>
            comment for delegate type
            </summary>
        </member>
        <member name="T:Testing.Test">
            <summary>
            description for class Test
            </summary>
        </member>
        <member name="F:Testing.Test.Constant">
            comment for const declaration
        </member>
        <member name="F:Testing.Test.BadPublicField">
            comment for public field
        </member>
        <member name="F:Testing.Test.PrivateField">
            comment for private field
        </member>
        <member name="M:Testing.Test.Foo">
            here is a documentation!!!
        </member>
        <member name="M:Testing.Test.Foo(System.Int64,Testing.Test,System.Collections.ArrayList)">
            here is a documentation with parameters
        </member>
        <member name="M:Testing.Test.op_LogicalNot(Testing.Test)">
            <summary>
            comment for unary operator
            </summary>
        </member>
        <member name="M:Testing.Test.op_Addition(Testing.Test,System.Int32)">
            <summary>
            comment for binary operator
            </summary>
        </member>
        <member name="M:Testing.Test.Finalize">
            comment for destructor
        </member>
        <member name="M:Testing.Test.#ctor">
            comment for .ctor()
        </member>
        <member name="M:Testing.Test.#ctor(System.String,System.String[])">
            comment for .ctor(string arg, string [] args)
        </member>
        <member name="P:Testing.Test.PublicProperty">
            comment for public property
        </member>
        <member name="P:Testing.Test.PrivateProperty">
            comment for private property
        </member>
        <member name="E:Testing.Test.MyEvent">
            public event EventHandler MyEvent ;-)
        </member>
        <member name="P:Testing.Test.Item(System.Int32)">
            comment for indexer
        </member>
        <member name="P:Testing.Test.Item(System.Int32,Testing.Test)">
            comment for indexer wit multiple parameters
        </member>
        <member name="T:Testing.Test.InternalClass">
            comment for internal class
        </member>
        <member name="T:Testing.Test.InternalStruct">
            comment for internal struct
        </member>
    </members>
</doc>
