<?xml version="1.0"?>
<doc>
    <assembly>
        <name>test-xml-046</name>
    </assembly>
    <members>
        <member name="T:IExecutable">
            <summary />
        </member>
        <member name="M:IExecutable.Execute">
            <summary />
        </member>
        <member name="P:IExecutable.Current">
            <summary />
        </member>
        <member name="T:A">
            <summary>
            <see cref="M:A.Execute"/>
            <see cref="P:A.Current"/>
            </summary>
        </member>
        <member name="M:A.Execute">
            <summary />
        </member>
        <member name="P:A.Current">
            <summary />
        </member>
    </members>
</doc>
