<?xml version="1.0"?>
<doc>
    <assembly>
        <name>test-xml-048</name>
    </assembly>
    <members>
        <member name="T:A">
            <summary />
        </member>
        <member name="M:A.Test">
            <summary />
        </member>
        <member name="P:A.Level">
            <summary />
        </member>
        <member name="T:B">
            <summary>
            <see cref="P:B.Level"/>
            <see cref="M:B.Test"/>
            </summary>
        </member>
        <member name="M:B.Test">
            <summary />
        </member>
        <member name="P:B.Level">
            <summary />
        </member>
    </members>
</doc>
