<?xml version="1.0"?>
<doc>
    <assembly>
        <name>test-xml-050</name>
    </assembly>
    <members>
        <member name="T:EntryPoint">
            <summary>
            <see cref="M:IB.Execute"/>
            <see cref="P:IB.Name"/>
            <see cref="M:B.Execute"/>
            <see cref="P:B.Name"/>
            </summary>
        </member>
        <member name="T:IA">
            <summary />
        </member>
        <member name="M:IA.Execute">
            <summary />
        </member>
        <member name="P:IA.Name">
            <summary />
        </member>
        <member name="T:IB">
            <summary />
        </member>
        <member name="M:IB.Execute">
            <summary />
        </member>
        <member name="P:IB.Name">
            <summary />
        </member>
        <member name="T:A">
            <summary />
        </member>
        <member name="M:A.Execute">
            <summary />
        </member>
        <member name="P:A.Name">
            <summary />
        </member>
        <member name="T:B">
            <summary />
        </member>
        <member name="M:B.Execute">
            <summary />
        </member>
        <member name="P:B.Name">
            <summary />
        </member>
    </members>
</doc>
