<?xml version="1.0"?>
<doc>
    <assembly>
        <name>test-xml-043</name>
    </assembly>
    <members>
        <member name="T:EntryPoint">
            <summary />
        </member>
        <member name="T:EntryPoint.B">
            <summary>
            <see cref="M:EntryPoint.B.Decide(System.Int32)"/>
            </summary>
        </member>
    </members>
</doc>
