<?xml version="1.0"?>
<doc>
    <assembly>
        <name>test-xml-052</name>
    </assembly>
    <members>
        <member name="T:GlobalDel">
            <summary>Global delegate</summary>
        </member>
        <member name="T:Outer">
            <summary>Outer class</summary>
        </member>
        <member name="T:Outer.Del">
            <summary>Inner Class</summary>
        </member>
    </members>
</doc>
