<?xml version="1.0"?>
<doc>
    <assembly>
        <name>test-xml-029</name>
    </assembly>
    <members>
        <member name="M:Test1.Foo">
            <summary>
            Some test documentation
            </summary>
        </member>
        <member name="T:ITest2">
            <summary>
            Publicly available interface
            </summary>
        </member>
        <member name="M:ITest2.Foo">
            <summary>
            Some test documentation
            </summary>
        </member>
        <member name="P:ITest2.Bar">
            <summary>
            Some test documentation
            </summary>
        </member>
        <member name="E:ITest2.EventRaised">
            <summary>
            Some test documentation
            </summary>
        </member>
    </members>
</doc>
