<?xml version="1.0"?>
<doc>
    <assembly>
        <name>test-xml-021</name>
    </assembly>
    <members>
        <member name="T:Testing.Test.InternalClass">
            comment for internal class
        </member>
        <member name="T:Testing.Test.InternalStruct">
            comment for internal struct
        </member>
    </members>
</doc>
