<?xml version="1.0"?>
<doc>
    <assembly>
        <name>test-xml-024</name>
    </assembly>
    <members>
        <member name="T:Testing.Test">
            <!-- Include tag is invalid --><include />
        </member>
        <member name="M:Testing.Test.Main">
            <!-- Include tag is invalid --><include file="a" />
        </member>
        <member name="M:Testing.Test.Bar(System.Int32)">
            <!-- Include tag is invalid --><include path="/foo/bar" />
        </member>
        <member name="M:Testing.Test.Baz(System.Int32)">
            <!-- Badly formed XML in at comment file `there-is-no-such-file': cannot be included --><!-- No matching elements were found for the include tag embedded here. --><include file="there-is-no-such-file" path="/foo/bar" /></member>
    </members>
</doc>
