<?xml version="1.0"?>
<doc>
    <assembly>
        <name>test-xml-038</name>
    </assembly>
    <members>
        <member name="T:Whatever">
            <summary>
            <see cref="E:System.AppDomain.AssemblyResolve"/>
            </summary>
        </member>
        <member name="M:Whatever.Main">
            <summary>
            </summary>
        </member>
    </members>
</doc>
