<?xml version="1.0"?>
<doc>
    <assembly>
        <name>test-xml-011</name>
    </assembly>
    <members>
        <member name="F:Testing.Test.PublicField">
            <summary>
            comment for public field
            </summary>
        </member>
        <!-- Badly formed XML comment ignored for member "F:Testing.Test.PublicField2" -->
        <member name="F:Testing.Test.PublicField3">
            		 <summary>
            		 Javadoc comment for public field
            		 </summary>
        </member>
    </members>
</doc>
