<?xml version="1.0"?>
<doc>
    <assembly>
        <name>test-xml-028</name>
    </assembly>
    <members>
        <member name="T:Test">
            <summary>
            Partial comment #2
            Partial comment #1
            </summary>
        </member>
        <member name="T:Test.Inner">
            <summary>
            Partial inner class!
            ... is still available.
            </summary>
        </member>
    </members>
</doc>
