<?xml version="1.0"?>
<doc>
    <assembly>
        <name>test-xml-020</name>
    </assembly>
    <members>
        <member name="M:Testing.Test.#ctor">
            comment for constructor
        </member>
        <member name="M:Testing.Test.Finalize">
            comment for destructor
        </member>
    </members>
</doc>
