<?xml version="1.0"?>
<doc>
    <assembly>
        <name>test-xml-002</name>
    </assembly>
    <members>
        <member name="T:Testing.Test">
            <summary>
            comment on class
            </summary>
        </member>
        <!-- Badly formed XML comment ignored for member "T:Testing.Test2" -->
        <member name="T:Testing.Test3">
            		<summary>
            		another Java-style documentation style
            		</summary>
        </member>
        <member name="T:Testing.Test4">
            indentation level test <seealso
            cref="T:Testing.Test" />.
        </member>
    </members>
</doc>
