<?xml version="1.0"?>
<doc>
    <assembly>
        <name>test-xml-014</name>
    </assembly>
    <members>
        <member name="P:Testing.Test.PrivateProperty">
            <summary>
            comment for private property
            </summary>
        </member>
    </members>
</doc>
