<?xml version="1.0"?>
<doc>
    <assembly>
        <name>test-xml-023</name>
    </assembly>
    <members>
        <member name="M:Test.Foo(Test.A,System.Int32)">
            here is a documentation
        </member>
    </members>
</doc>
