<?xml version="1.0"?>
<doc>
    <assembly>
        <name>test-xml-008</name>
    </assembly>
    <members>
        <member name="T:Testing.Test">
            comment without markup on class - it is allowed
        </member>
        <!-- Badly formed XML comment ignored for member "T:Testing.Test2" -->
        <!-- Badly formed XML comment ignored for member "T:Testing.Test3" -->
    </members>
</doc>
