<?xml version="1.0"?>
<doc>
    <assembly>
        <name>test-xml-040</name>
    </assembly>
    <members>
        <member name="T:Test">
            <summary>
                <see cref="P:System.Collections.IDictionary.Item(System.Object)" />
            </summary></member>
        <member name="P:Test.Item(System.String)">
            <summary> test indexer doc </summary></member>
    </members>
</doc>
