<?xml version="1.0"?>
<doc>
    <assembly>
        <name>test-xml-059</name>
    </assembly>
    <members>
        <member name="T:Foo">
            <see cref="M:System.Web.Services.Protocols.SoapHttpClientProtocol.Invoke2 ( )"/>
            <see cref="F:Foo.Bar"/>
            <see cref="M:Foo.ListBase(System.String)"/>
            <see cref="T:ListBase(string)"/>
            <see cref="T:ListBase&lt;string)"/><!-- it somehow passes -->
            <see cref="T:List!$%Base()"/><!-- it somehow passes -->
            <see cref="T:$%!"/>
            <see cref=".:Bar"/>
            <see cref="T:List(int)"/>
        </member>
        <member name="F:Foo.Bar">
            hogehoge
        </member>
        <member name="M:Foo.ListBase(System.String)">
            fugafuga
        </member>
        <member name="T:ListBase`1">
            <see cref="T:System.Nullable&lt;System.Int32&gt;" />
            <see cref="T:System.Nullable(System.Int32)" />
        </member>
    </members>
</doc>
