<?xml version="1.0"?>
<doc>
    <assembly>
        <name>test-xml-010</name>
    </assembly>
    <members>
        <member name="F:Testing.Test.Constant">
            <summary>
            comment for const declaration
            </summary>
        </member>
        <!-- Badly formed XML comment ignored for member "F:Testing.Test.Constant2" -->
        <member name="F:Testing.Test.Constant3">
            		<summary>
            		Javaism comment for const declaration
            		</summary>
        </member>
    </members>
</doc>
