<?xml version="1.0"?>
<doc>
    <assembly>
        <name>test-xml-009</name>
    </assembly>
    <members>
    </members>
</doc>
