<?xml version="1.0"?>
<doc>
    <assembly>
        <name>test-xml-060</name>
    </assembly>
    <members>
        <member name="T:Test.DocMe">
            <remarks>T:Test.DocMe</remarks>
            <seealso cref="T:Test.DocMe`1" />
        </member>
        <member name="M:Test.DocMe.UseList(System.Collections.Generic.List{System.Int32})">
            <remarks>M:Test.DocMe.UseList(System.Collections.Generic.List{System.Int32})</remarks>
        </member>
        <member name="M:Test.DocMe.Main">
            <remarks>M:Test.DocMe.Main</remarks>
        </member>
        <member name="T:Test.DocMe`1">
            <remarks>T:Test.DocMe`1</remarks>
        </member>
        <member name="M:Test.DocMe`1.UseList(System.Collections.Generic.List{`0})">
            <remarks>M:Test.DocMe`1.UseList(System.Collections.Generic.List{`0})</remarks>
        </member>
        <member name="M:Test.DocMe`1.UseList``1(System.Collections.Generic.List{``0})">
            <remarks>M:Test.DocMe`1.UseList`1(System.Collections.Generic.List{``0})</remarks>
        </member>
        <member name="M:Test.DocMe`1.RefMethod``1(`0@,``0@)">
            <remarks>M:Test.DocMe`1.RefMethod`1(`0@,``0@)</remarks>
        </member>
    </members>
</doc>
