<?xml version="1.0"?>
<doc>
    <assembly>
        <name>test-xml-016</name>
    </assembly>
    <members>
        <member name="E:Testing.Test.MyEvent">
            <summary>
            public event EventHandler MyEvent
            </summary>
        </member>
        <member name="E:Testing.Test.MyEvent2">
            private event EventHandler MyEvent; without markup - it is OK.
        </member>
    </members>
</doc>
