<?xml version="1.0"?>
<doc>
    <assembly>
        <name>test-xml-019</name>
    </assembly>
    <members>
        <member name="M:Testing.Test.op_LogicalNot(Testing.Test)">
            <summary>
            comment for unary operator
            </summary>
        </member>
        <member name="M:Testing.Test.op_Addition(Testing.Test,System.Int32)">
            <summary>
            comment for binary operator
            </summary>
        </member>
    </members>
</doc>
