<?xml version="1.0"?>
<doc>
    <assembly>
        <name>test-xml-047</name>
    </assembly>
    <members>
        <member name="T:EntryPoint">
            <summary>
            <see cref="M:System.Boolean.GetHashCode"/>
            </summary>
        </member>
    </members>
</doc>
