<?xml version="1.0"?>
<doc>
    <assembly>
        <name>test-xml-034</name>
    </assembly>
    <members>
        <member name="T:Test">
            valid comment.
        </member>
    </members>
</doc>
