<?xml version="1.0"?>
<doc>
    <assembly>
        <name>test-xml-033</name>
    </assembly>
    <members>
        <member name="T:MyClass">
            <summary>help text</summary>
        </member>
        <member name="M:MyClass.Main">
            <summary>help text</summary>
        </member>
        <member name="M:MyClass.op_Explicit(MyClass)~System.Int32">
            <summary>help text</summary>
        </member>
        <member name="M:MyClass.op_Implicit(MyClass)~System.Char">
            <summary>help text</summary>
        </member>
    </members>
</doc>
