<?xml version="1.0"?>
<doc>
    <assembly>
        <name>test-xml-026</name>
    </assembly>
    <members>
        <member name="T:Testing.Test">
            test class
        </member>
        <member name="M:Testing.Test.Foo(System.Int32)">
            <param>anonymous</param>
        </member>
        <member name="M:Testing.Test.Bar(System.Int32)">
            <param name='i'>correct</param>
            <param name='i'>duplicate</param>
        </member>
        <member name="M:Testing.Test.Baz(System.Int32)">
            <param name='mismatch'>mismatch</param>
        </member>
        <member name="M:Testing.Test.Var(System.Int32[])">
            <param name='arr'>varargs</param>
        </member>
    </members>
</doc>
