<?xml version="1.0"?>
<doc>
    <assembly>
        <name>test-xml-013</name>
    </assembly>
    <members>
        <member name="P:Testing.Test.PublicProperty">
            <summary>
            comment for public property
            </summary>
        </member>
        <!-- Badly formed XML comment ignored for member "P:Testing.Test.PublicProperty2" -->
        <member name="P:Testing.Test.PublicProperty3">
            		<summary>
            		Javadoc comment for public property
            		</summary>
        </member>
    </members>
</doc>
