<?xml version="1.0"?>
<doc>
    <assembly>
        <name>test-xml-036</name>
    </assembly>
    <members>
        <member name="T:Test">
            <summary><see cref="F:Test.true"/>, <see cref="F:Test.true"/>, <see cref="F:Test.Whatever"/></summary>
        </member>
        <member name="F:Test.true">
            <summary>Yes</summary>
        </member>
        <member name="F:Test.false">
            <summary>Nope</summary>
        </member>
        <member name="F:Test.Whatever">
            <summary>Maybe</summary>
        </member>
        <member name="T:Foo">
            <summary><see cref="M:Foo.true"/></summary>
        </member>
        <member name="M:Foo.true">
            <summary>Foo</summary>
        </member>
        <member name="M:Foo.Main">
            main.
        </member>
    </members>
</doc>
