<?xml version="1.0"?>
<doc>
    <assembly>
        <name>test-xml-035</name>
    </assembly>
    <members>
        <member name="T:Test">
            <summary>
            <see cref="M:System.Data.DataSet.ReadXml(System.Xml.XmlReader,System.Data.XmlReadMode)"/>
            <see cref="M:System.Environment.GetFolderPath(System.Environment.SpecialFolder)"/>
            </summary>
        </member>
        <member name="M:Test.Main">
            <summary>
            <see cref="T:System.Environment.SpecialFolder"/>
            </summary>
        </member>
    </members>
</doc>
