<?xml version="1.0"?>
<doc>
    <assembly>
        <name>test-xml-027</name>
    </assembly>
    <members>
        <member name="T:Testing.Test">
            <summary>
            <see/>
            <see cref="!:!!!!!"/>
            <see cref="!:nonexist"/>
            <see cref="T:Testing.Test"/>
            <see cref="T:Testing.Test"/>
            <see cref="T:Test"/>
            <see cref="_:Test"/>
            <see cref="P:Bar"/>
            <see cref="F:Bar"/>
            <see cref="F:Testing.Test.Bar"/>
            <see cref="P:Baz"/>
            <see cref="F:Baz"/>
            <see cref="P:Testing.Test.Baz"/>
            <see cref="!:nonexist.Foo()"/>
            <see cref="M:Testing.Test.Foo"/>
            <see cref="M:Testing.Test.Foo"/>
            <see cref="!:Test.Bar()"/>
            <see cref="!:Test.Foo(System.Int32)"/>
            </summary>
        </member>
    </members>
</doc>
