<?xml version="1.0"?>
<doc>
    <assembly>
        <name>test-xml-017</name>
    </assembly>
    <members>
        <member name="M:Testing.Test.Foo">
            comment on method without parameter
        </member>
        <member name="M:Testing.Test.Foo(System.Int64,Testing.Test,System.Collections.ArrayList)">
            here is a documentation with parameters (and has same name)
        </member>
        <member name="M:Testing.Test.Foo(System.String[])">
            here is a documentation with parameters (and has same name)
        </member>
    </members>
</doc>
