<?xml version="1.0"?>
<doc>
    <assembly>
        <name>test-xml-032</name>
    </assembly>
    <members>
        <member name="M:Test.#ctor(System.String)">
            <exception cref="T:System.ArgumentNullException"><paramref name="wrongref"/> is <see langword="null"/>.</exception>
            <exception cref="T:System.ArgumentOutOfRangeException"><paramref name="wrongRefAgain"/> is a zero-length <see cref="T:System.String"/>.</exception>
        </member>
    </members>
</doc>
