<?xml version="1.0"?>
<doc>
    <assembly>
        <name>test-xml-051</name>
    </assembly>
    <members>
        <member name="T:log4net.IFoo">
            <summary>
            <see cref="N:log4net.Repository.Hierarchy"/>
            </summary>
        </member>
        <member name="T:log4net.Repository.ILog">
            <summary>
            <see cref="N:log4net.Repository.Hierarchy"/>
            <see cref="N:System.Xml"/>
            </summary>
        </member>
        <member name="T:log4net.Repository.Hierarchy.Hierarchy">
            <summary />
        </member>
    </members>
</doc>
