<?xml version="1.0"?>
<doc>
    <assembly>
        <name>test-xml-018</name>
    </assembly>
    <members>
        <member name="P:Testing.Test.Item(System.Int32)">
            <summary>
            comment for indexer
            </summary>
        </member>
        <member name="P:Testing.Test.Item(System.String)">
            <summary>
            comment for indexer
            </summary>
        </member>
        <member name="P:Testing.Test.Item(System.Int32,Testing.Test)">
            <summary>
            comment for indexer wit multiple parameters
            </summary>
        </member>
    </members>
</doc>
