<?xml version="1.0"?>
<doc>
    <assembly>
        <name>test-xml-049</name>
    </assembly>
    <members>
        <member name="T:Testje">
            <summary>
            </summary>
        </member>
        <member name="M:Testje.Format(System.Object)">
            <summary />
        </member>
        <member name="P:Testje.Test">
            <summary />
        </member>
        <member name="T:Testje.A">
            <summary>
            <see cref="T:Testje.A.Test"/>
            <see cref="M:Testje.Format(System.Object)"/>
            </summary>
        </member>
        <member name="T:Testje.A.Test">
            <summary>
            <see cref="T:Testje.A.Test"/>
            <see cref="M:Testje.Format(System.Object)"/>
            </summary>
        </member>
    </members>
</doc>
