<?xml version="1.0"?>
<doc>
    <assembly>
        <name>test-xml-058</name>
    </assembly>
    <members>
        <member name="T:GenericClass`1">
            <summary>This file throws an error when compiled with XML documentation</summary>
        </member>
        <member name="M:GenericClass`1.#ctor(`0)">
            <summary>This line caused bug #77183</summary>
        </member>
    </members>
</doc>
