<?xml version="1.0"?>
<doc>
    <assembly>
        <name>test-xml-006</name>
    </assembly>
    <members>
        <member name="T:Testing.EnumTest">
            <summary>
            comment for enum type
            </summary>
        </member>
        <!-- Badly formed XML comment ignored for member "T:Testing.EnumTest2" -->
        <member name="T:Testing.EnumTest3">
            	<summary>
            	Java style comment for enum type
            	</summary>
        </member>
    </members>
</doc>
